Symbol range map extraction starting
Processing 35 files
startProcessing "chamoisest\usefulutilities\Lang.java" md5: d07f68ae0a3350929308a7f0742491c6
endProcessing "chamoisest\usefulutilities\Lang.java"

startProcessing "chamoisest\usefulutilities\Reference.java" md5: d54b54346435d86c4e7251be407b9f57
endProcessing "chamoisest\usefulutilities\Reference.java"

startProcessing "chamoisest\usefulutilities\UsefulUtilities.java" md5: 7919d7cf717b2ad920e50027567166d4
endProcessing "chamoisest\usefulutilities\UsefulUtilities.java"

startProcessing "chamoisest\usefulutilities\Util.java" md5: 345f490001d0e046fe79700a04922206
endProcessing "chamoisest\usefulutilities\Util.java"

startProcessing "chamoisest\usefulutilities\blocks\BlockBreaker.java" md5: 94dd103119aaf3cfe8e776956756328b
endProcessing "chamoisest\usefulutilities\blocks\BlockBreaker.java"

startProcessing "chamoisest\usefulutilities\blocks\BlockCopperOre.java" md5: 7a259b9099036b14bad067169ffcd872
endProcessing "chamoisest\usefulutilities\blocks\BlockCopperOre.java"

startProcessing "chamoisest\usefulutilities\blocks\BlockMachineFrame.java" md5: 8da7d8feea6d78610963730058d0ac8a
endProcessing "chamoisest\usefulutilities\blocks\BlockMachineFrame.java"

startProcessing "chamoisest\usefulutilities\blocks\item\ItemBlockBreaker.java" md5: a79644260fb5e8d625e0dd9e774818bd
endProcessing "chamoisest\usefulutilities\blocks\item\ItemBlockBreaker.java"

startProcessing "chamoisest\usefulutilities\client\gui\GuiBlockBreaker.java" md5: 262afdd43659bfb2a3b2c24f734b2283
endProcessing "chamoisest\usefulutilities\client\gui\GuiBlockBreaker.java"

startProcessing "chamoisest\usefulutilities\client\gui\GuiHandler.java" md5: 9d496795f093d8b986b1ef44124df41f
endProcessing "chamoisest\usefulutilities\client\gui\GuiHandler.java"

startProcessing "chamoisest\usefulutilities\container\ContainerBlockBreaker.java" md5: f72b4ac967c5b0965f31b278c6e988f9
endProcessing "chamoisest\usefulutilities\container\ContainerBlockBreaker.java"

startProcessing "chamoisest\usefulutilities\container\slots\SlotUpgrade.java" md5: eb5fecb8999c88f04f3165a069bc2552
endProcessing "chamoisest\usefulutilities\container\slots\SlotUpgrade.java"

startProcessing "chamoisest\usefulutilities\creativetabs\UsefulUtilitiesTab.java" md5: 6e8f61021954a1b54c2d9e6e07da4e8f
endProcessing "chamoisest\usefulutilities\creativetabs\UsefulUtilitiesTab.java"

startProcessing "chamoisest\usefulutilities\handlers\OreDictionaryHandler.java" md5: 064f89c3761f5bbe69a84ff6636859a1
endProcessing "chamoisest\usefulutilities\handlers\OreDictionaryHandler.java"

startProcessing "chamoisest\usefulutilities\handlers\RecipeHandler.java" md5: 9ba3c7a253fba6d59b25f79eb959aaa9
endProcessing "chamoisest\usefulutilities\handlers\RecipeHandler.java"

startProcessing "chamoisest\usefulutilities\init\ModBlocks.java" md5: 6ac0bf07adf0725b19f614685b7fe914
endProcessing "chamoisest\usefulutilities\init\ModBlocks.java"

startProcessing "chamoisest\usefulutilities\init\ModItems.java" md5: cf02ec65ff9cc73d91572d6d934f83bf
endProcessing "chamoisest\usefulutilities\init\ModItems.java"

startProcessing "chamoisest\usefulutilities\init\ModTools.java" md5: 496cb715249e70031147258ab3215eb1
endProcessing "chamoisest\usefulutilities\init\ModTools.java"

startProcessing "chamoisest\usefulutilities\items\ItemCopperIngot.java" md5: 326a548c8d4881fb1607b1bf85936869
endProcessing "chamoisest\usefulutilities\items\ItemCopperIngot.java"

startProcessing "chamoisest\usefulutilities\items\ItemFortuneUpgrade.java" md5: 3ebc6f6f5395295c6f623ee4b2f4a7b9
endProcessing "chamoisest\usefulutilities\items\ItemFortuneUpgrade.java"

startProcessing "chamoisest\usefulutilities\items\ItemHealingGem.java" md5: 1927972df97f93527edcc7c3372a67c0
endProcessing "chamoisest\usefulutilities\items\ItemHealingGem.java"

startProcessing "chamoisest\usefulutilities\items\ItemHealingRod.java" md5: 461fa81d6f6d3282e59511419fda1b70
endProcessing "chamoisest\usefulutilities\items\ItemHealingRod.java"

startProcessing "chamoisest\usefulutilities\items\ItemModAxe.java" md5: df2a3ce7b11755b2e3a96f35d707b109
endProcessing "chamoisest\usefulutilities\items\ItemModAxe.java"

startProcessing "chamoisest\usefulutilities\items\ItemModHoe.java" md5: d7c1206300453e3fb134fda6ca618680
endProcessing "chamoisest\usefulutilities\items\ItemModHoe.java"

startProcessing "chamoisest\usefulutilities\items\ItemModPickaxe.java" md5: f2b367b7121855093d5eeb026cba4284
endProcessing "chamoisest\usefulutilities\items\ItemModPickaxe.java"

startProcessing "chamoisest\usefulutilities\items\ItemModShovel.java" md5: 168c90ff0483b7173cc6e5b388829da2
endProcessing "chamoisest\usefulutilities\items\ItemModShovel.java"

startProcessing "chamoisest\usefulutilities\items\ItemModSword.java" md5: 9c944737b2b795121f0eb5bdf0db9b72
endProcessing "chamoisest\usefulutilities\items\ItemModSword.java"

startProcessing "chamoisest\usefulutilities\items\ItemSilkTouchUpgrade.java" md5: de88d6de3c4c36e139995ed5ae3acb53
endProcessing "chamoisest\usefulutilities\items\ItemSilkTouchUpgrade.java"

startProcessing "chamoisest\usefulutilities\items\ItemSpeedUpgrade.java" md5: 6011d2e856ef4b2ab8f72dacf557d2b5
endProcessing "chamoisest\usefulutilities\items\ItemSpeedUpgrade.java"

startProcessing "chamoisest\usefulutilities\proxy\ClientProxy.java" md5: ef79a650770a5201481fd28282779a63
endProcessing "chamoisest\usefulutilities\proxy\ClientProxy.java"

startProcessing "chamoisest\usefulutilities\proxy\CommonProxy.java" md5: af4a0a5080c83cb59914cbc3c5d64022
endProcessing "chamoisest\usefulutilities\proxy\CommonProxy.java"

startProcessing "chamoisest\usefulutilities\tileentity\TileEntityBlockBreaker.java" md5: 73de0ca1ee10a82d99588b19ebc4dbe7
endProcessing "chamoisest\usefulutilities\tileentity\TileEntityBlockBreaker.java"

startProcessing "chamoisest\usefulutilities\worldgen\EndGenPredicate.java" md5: 7b18dfcce7c98b07179f1dd6c5562252
endProcessing "chamoisest\usefulutilities\worldgen\EndGenPredicate.java"

startProcessing "chamoisest\usefulutilities\worldgen\NetherGenPredicate.java" md5: 643e4c4018be2aa135a814982a7ea3d2
endProcessing "chamoisest\usefulutilities\worldgen\NetherGenPredicate.java"

startProcessing "chamoisest\usefulutilities\worldgen\OreGen.java" md5: 5083f566d4413c7f994a1b746b4c7893
endProcessing "chamoisest\usefulutilities\worldgen\OreGen.java"

