[17:26:02] [Client thread/INFO]: Setting user: Player799
[17:26:05] [Client thread/WARN]: Skipping bad option: lastServer:
[17:26:05] [Client thread/INFO]: LWJGL Version: 2.9.4
[17:26:08] [Client thread/INFO]: Reloading ResourceManager: Default, FMLFileResourcePack:Forge Mod Loader, FMLFileResourcePack:Minecraft Forge, FMLFileResourcePack:Useful Utilities
[17:26:10] [Sound Library Loader/INFO]: Starting up SoundSystem...
[17:26:10] [Thread-8/INFO]: Initializing LWJGL OpenAL
[17:26:10] [Thread-8/INFO]: (The LWJGL binding of OpenAL.  For more information, see http://www.lwjgl.org)
[17:26:10] [Thread-8/ERROR]: Error in class 'LibraryLWJGLOpenAL'
[17:26:10] [Thread-8/ERROR]: Unable to initialize OpenAL.  Probable cause: OpenAL not supported.
[17:26:10] [Thread-8/WARN]: ERROR MESSAGE:
[17:26:10] [Thread-8/INFO]: Could not locate OpenAL library.
[17:26:10] [Thread-8/WARN]: STACK TRACE:
[17:26:10] [Thread-8/INFO]: org.lwjgl.openal.AL.create(AL.java:156)
[17:26:10] [Thread-8/INFO]: org.lwjgl.openal.AL.create(AL.java:102)
[17:26:10] [Thread-8/INFO]: org.lwjgl.openal.AL.create(AL.java:206)
[17:26:10] [Thread-8/INFO]: paulscode.sound.libraries.LibraryLWJGLOpenAL.init(LibraryLWJGLOpenAL.java:164)
[17:26:10] [Thread-8/INFO]: paulscode.sound.SoundSystem.CommandNewLibrary(SoundSystem.java:1576)
[17:26:10] [Thread-8/INFO]: paulscode.sound.SoundSystem.CommandQueue(SoundSystem.java:2572)
[17:26:10] [Thread-8/INFO]: paulscode.sound.CommandThread.run(CommandThread.java:121)
[17:26:10] [Sound Library Loader/WARN]: ERROR MESSAGE:
[17:26:10] [Sound Library Loader/INFO]: Could not locate OpenAL library.
[17:26:10] [Sound Library Loader/INFO]: Starting up SoundSystem...
[17:26:11] [Thread-10/INFO]: Switching to No Sound
[17:26:11] [Thread-10/INFO]: (Silent Mode)
[17:26:11] [Sound Library Loader/INFO]: Sound engine started
[17:26:12] [Client thread/INFO]: Created: 16x16 textures-atlas
[17:26:13] [Client thread/INFO]: Reloading ResourceManager: Default, FMLFileResourcePack:Forge Mod Loader, FMLFileResourcePack:Minecraft Forge, FMLFileResourcePack:Useful Utilities
[17:26:14] [Client thread/INFO]: SoundSystem shutting down...
[17:26:14] [Client thread/WARN]: Author: Paul Lamb, www.paulscode.com
[17:26:14] [Sound Library Loader/INFO]: Starting up SoundSystem...
[17:26:14] [Thread-12/INFO]: Initializing LWJGL OpenAL
[17:26:14] [Thread-12/INFO]: (The LWJGL binding of OpenAL.  For more information, see http://www.lwjgl.org)
[17:26:14] [Thread-12/ERROR]: Error in class 'LibraryLWJGLOpenAL'
[17:26:14] [Thread-12/ERROR]: Unable to initialize OpenAL.  Probable cause: OpenAL not supported.
[17:26:14] [Thread-12/WARN]: ERROR MESSAGE:
[17:26:14] [Thread-12/INFO]: Could not locate OpenAL library.
[17:26:14] [Thread-12/WARN]: STACK TRACE:
[17:26:14] [Thread-12/INFO]: org.lwjgl.openal.AL.create(AL.java:156)
[17:26:14] [Thread-12/INFO]: org.lwjgl.openal.AL.create(AL.java:102)
[17:26:14] [Thread-12/INFO]: org.lwjgl.openal.AL.create(AL.java:206)
[17:26:14] [Thread-12/INFO]: paulscode.sound.libraries.LibraryLWJGLOpenAL.init(LibraryLWJGLOpenAL.java:164)
[17:26:14] [Thread-12/INFO]: paulscode.sound.SoundSystem.CommandNewLibrary(SoundSystem.java:1576)
[17:26:14] [Thread-12/INFO]: paulscode.sound.SoundSystem.CommandQueue(SoundSystem.java:2572)
[17:26:14] [Thread-12/INFO]: paulscode.sound.CommandThread.run(CommandThread.java:121)
[17:26:15] [Sound Library Loader/WARN]: ERROR MESSAGE:
[17:26:15] [Sound Library Loader/INFO]: Could not locate OpenAL library.
[17:26:15] [Sound Library Loader/INFO]: Starting up SoundSystem...
[17:26:15] [Thread-14/INFO]: Switching to No Sound
[17:26:15] [Thread-14/INFO]: (Silent Mode)
[17:26:15] [Sound Library Loader/INFO]: Sound engine started
[17:26:16] [Client thread/INFO]: Created: 512x512 textures-atlas
[17:26:17] [Client thread/WARN]: Skipping bad option: lastServer:
[17:26:18] [Realms Notification Availability checker #1/INFO]: Could not authorize you against Realms server: Invalid session id
[17:26:22] [Server thread/INFO]: Starting integrated minecraft server version 1.10.2
[17:26:22] [Server thread/INFO]: Generating keypair
[17:26:22] [Server thread/INFO]: Preparing start region for level 0
[17:26:23] [Server thread/INFO]: Preparing spawn area: 55%
[17:26:24] [Server thread/INFO]: Changing view distance to 12, from 10
[17:26:26] [Server thread/INFO]: Player799[local:E:554fe478] logged in with entity id 188 at (-254.83415725002135, 64.0, -88.85093703489369)
[17:26:26] [Server thread/INFO]: Player799 joined the game
[17:26:27] [Server thread/INFO]: Saving and pausing game...
[17:26:27] [Server thread/INFO]: Saving chunks for level 'New World'/Overworld
[17:26:27] [Server thread/INFO]: Saving chunks for level 'New World'/Nether
[17:26:27] [Server thread/INFO]: Saving chunks for level 'New World'/The End
[17:26:27] [pool-2-thread-1/WARN]: Couldn't look up profile properties for com.mojang.authlib.GameProfile@5effb64a[id=2814925e-9add-35ba-8fa3-433e445fe43d,name=Player799,properties={},legacy=false]
com.mojang.authlib.exceptions.AuthenticationException: The client has sent too many requests within a certain amount of time
	at com.mojang.authlib.yggdrasil.YggdrasilAuthenticationService.makeRequest(YggdrasilAuthenticationService.java:65) ~[YggdrasilAuthenticationService.class:?]
	at com.mojang.authlib.yggdrasil.YggdrasilMinecraftSessionService.fillGameProfile(YggdrasilMinecraftSessionService.java:175) [YggdrasilMinecraftSessionService.class:?]
	at com.mojang.authlib.yggdrasil.YggdrasilMinecraftSessionService$1.load(YggdrasilMinecraftSessionService.java:59) [YggdrasilMinecraftSessionService$1.class:?]
	at com.mojang.authlib.yggdrasil.YggdrasilMinecraftSessionService$1.load(YggdrasilMinecraftSessionService.java:56) [YggdrasilMinecraftSessionService$1.class:?]
	at com.google.common.cache.LocalCache$LoadingValueReference.loadFuture(LocalCache.java:3524) [guava-17.0.jar:?]
	at com.google.common.cache.LocalCache$Segment.loadSync(LocalCache.java:2317) [guava-17.0.jar:?]
	at com.google.common.cache.LocalCache$Segment.lockedGetOrLoad(LocalCache.java:2280) [guava-17.0.jar:?]
	at com.google.common.cache.LocalCache$Segment.get(LocalCache.java:2195) [guava-17.0.jar:?]
	at com.google.common.cache.LocalCache.get(LocalCache.java:3934) [guava-17.0.jar:?]
	at com.google.common.cache.LocalCache.getOrLoad(LocalCache.java:3938) [guava-17.0.jar:?]
	at com.google.common.cache.LocalCache$LocalLoadingCache.get(LocalCache.java:4821) [guava-17.0.jar:?]
	at com.google.common.cache.LocalCache$LocalLoadingCache.getUnchecked(LocalCache.java:4827) [guava-17.0.jar:?]
	at com.mojang.authlib.yggdrasil.YggdrasilMinecraftSessionService.fillProfileProperties(YggdrasilMinecraftSessionService.java:165) [YggdrasilMinecraftSessionService.class:?]
	at net.minecraft.client.Minecraft.getProfileProperties(Minecraft.java:3060) [Minecraft.class:?]
	at net.minecraft.client.resources.SkinManager$3.run(SkinManager.java:131) [SkinManager$3.class:?]
	at java.util.concurrent.Executors$RunnableAdapter.call(Unknown Source) [?:1.8.0_92]
	at java.util.concurrent.FutureTask.run(Unknown Source) [?:1.8.0_92]
	at java.util.concurrent.ThreadPoolExecutor.runWorker(Unknown Source) [?:1.8.0_92]
	at java.util.concurrent.ThreadPoolExecutor$Worker.run(Unknown Source) [?:1.8.0_92]
	at java.lang.Thread.run(Unknown Source) [?:1.8.0_92]
[17:27:08] [Client thread/INFO]: Stopping!
[17:27:08] [Client thread/INFO]: SoundSystem shutting down...
[17:27:08] [Server thread/INFO]: Stopping server
[17:27:08] [Server thread/INFO]: Saving players
[17:27:08] [Server thread/INFO]: Saving worlds
[17:27:08] [Server thread/INFO]: Saving chunks for level 'New World'/Overworld
[17:27:08] [Server thread/INFO]: Saving chunks for level 'New World'/Nether
[17:27:08] [Server thread/INFO]: Saving chunks for level 'New World'/The End
[17:27:08] [Client thread/WARN]: Author: Paul Lamb, www.paulscode.com
[17:27:08] [Client Shutdown Thread/INFO]: Stopping server
[17:27:08] [Client Shutdown Thread/INFO]: Saving players
[17:27:08] [Client Shutdown Thread/INFO]: Saving worlds
[17:27:08] [Client Shutdown Thread/INFO]: Saving chunks for level 'New World'/Overworld
